This is pdfTeX, Version 3.1415926-2.5-1.40.14 (TeX Live 2013/Debian) (format=pdflatex 2016.7.16)  3 OCT 2016 20:27
entering extended mode
 restricted \write18 enabled.
 %&-line parsing enabled.
**parta.tex
(./parta.tex
LaTeX2e <2011/06/27>
Babel <3.9h> and hyphenation patterns for 2 languages loaded.
(/usr/share/texlive/texmf-dist/tex/latex/base/article.cls
Document Class: article 2007/10/19 v1.4h Standard LaTeX document class
(/usr/share/texlive/texmf-dist/tex/latex/base/size10.clo
File: size10.clo 2007/10/19 v1.4h Standard LaTeX file (size option)
)
\c@part=\count79
\c@section=\count80
\c@subsection=\count81
\c@subsubsection=\count82
\c@paragraph=\count83
\c@subparagraph=\count84
\c@figure=\count85
\c@table=\count86
\abovecaptionskip=\skip41
\belowcaptionskip=\skip42
\bibindent=\dimen102
)
(/usr/share/texlive/texmf-dist/tex/latex/graphics/graphicx.sty
Package: graphicx 1999/02/16 v1.0f Enhanced LaTeX Graphics (DPC,SPQR)

(/usr/share/texlive/texmf-dist/tex/latex/graphics/keyval.sty
Package: keyval 1999/03/16 v1.13 key=value parser (DPC)
\KV@toks@=\toks14
)
(/usr/share/texlive/texmf-dist/tex/latex/graphics/graphics.sty
Package: graphics 2009/02/05 v1.0o Standard LaTeX Graphics (DPC,SPQR)

(/usr/share/texlive/texmf-dist/tex/latex/graphics/trig.sty
Package: trig 1999/03/16 v1.09 sin cos tan (DPC)
)
(/usr/share/texlive/texmf-dist/tex/latex/latexconfig/graphics.cfg
File: graphics.cfg 2010/04/23 v1.9 graphics configuration of TeX Live
)
Package graphics Info: Driver file: pdftex.def on input line 91.

(/usr/share/texlive/texmf-dist/tex/latex/pdftex-def/pdftex.def
File: pdftex.def 2011/05/27 v0.06d Graphics/color for pdfTeX

(/usr/share/texlive/texmf-dist/tex/generic/oberdiek/infwarerr.sty
Package: infwarerr 2010/04/08 v1.3 Providing info/warning/error messages (HO)
)
(/usr/share/texlive/texmf-dist/tex/generic/oberdiek/ltxcmds.sty
Package: ltxcmds 2011/11/09 v1.22 LaTeX kernel commands for general use (HO)
)
\Gread@gobject=\count87
))
\Gin@req@height=\dimen103
\Gin@req@width=\dimen104
)
(/usr/share/texlive/texmf-dist/tex/latex/natbib/natbib.sty
Package: natbib 2010/09/13 8.31b (PWD, AO)
\bibhang=\skip43
\bibsep=\skip44
LaTeX Info: Redefining \cite on input line 694.
\c@NAT@ctr=\count88
)
(/usr/share/texlive/texmf-dist/tex/latex/amsmath/amsmath.sty
Package: amsmath 2013/01/14 v2.14 AMS math features
\@mathmargin=\skip45

For additional information on amsmath, use the `?' option.
(/usr/share/texlive/texmf-dist/tex/latex/amsmath/amstext.sty
Package: amstext 2000/06/29 v2.01

(/usr/share/texlive/texmf-dist/tex/latex/amsmath/amsgen.sty
File: amsgen.sty 1999/11/30 v2.0
\@emptytoks=\toks15
\ex@=\dimen105
))
(/usr/share/texlive/texmf-dist/tex/latex/amsmath/amsbsy.sty
Package: amsbsy 1999/11/29 v1.2d
\pmbraise@=\dimen106
)
(/usr/share/texlive/texmf-dist/tex/latex/amsmath/amsopn.sty
Package: amsopn 1999/12/14 v2.01 operator names
)
\inf@bad=\count89
LaTeX Info: Redefining \frac on input line 210.
\uproot@=\count90
\leftroot@=\count91
LaTeX Info: Redefining \overline on input line 306.
\classnum@=\count92
\DOTSCASE@=\count93
LaTeX Info: Redefining \ldots on input line 378.
LaTeX Info: Redefining \dots on input line 381.
LaTeX Info: Redefining \cdots on input line 466.
\Mathstrutbox@=\box26
\strutbox@=\box27
\big@size=\dimen107
LaTeX Font Info:    Redeclaring font encoding OML on input line 566.
LaTeX Font Info:    Redeclaring font encoding OMS on input line 567.
\macc@depth=\count94
\c@MaxMatrixCols=\count95
\dotsspace@=\muskip10
\c@parentequation=\count96
\dspbrk@lvl=\count97
\tag@help=\toks16
\row@=\count98
\column@=\count99
\maxfields@=\count100
\andhelp@=\toks17
\eqnshift@=\dimen108
\alignsep@=\dimen109
\tagshift@=\dimen110
\tagwidth@=\dimen111
\totwidth@=\dimen112
\lineht@=\dimen113
\@envbody=\toks18
\multlinegap=\skip46
\multlinetaggap=\skip47
\mathdisplay@stack=\toks19
LaTeX Info: Redefining \[ on input line 2665.
LaTeX Info: Redefining \] on input line 2666.
)
(/usr/share/texlive/texmf-dist/tex/latex/booktabs/booktabs.sty
Package: booktabs 2005/04/14 v1.61803 publication quality tables
\heavyrulewidth=\dimen114
\lightrulewidth=\dimen115
\cmidrulewidth=\dimen116
\belowrulesep=\dimen117
\belowbottomsep=\dimen118
\aboverulesep=\dimen119
\abovetopsep=\dimen120
\cmidrulesep=\dimen121
\cmidrulekern=\dimen122
\defaultaddspace=\dimen123
\@cmidla=\count101
\@cmidlb=\count102
\@aboverulesep=\dimen124
\@belowrulesep=\dimen125
\@thisruleclass=\count103
\@lastruleclass=\count104
\@thisrulewidth=\dimen126
)
(/usr/share/texlive/texmf-dist/tex/latex/float/float.sty
Package: float 2001/11/08 v1.3d Float enhancements (AL)
\c@float@type=\count105
\float@exts=\toks20
\float@box=\box28
\@float@everytoks=\toks21
\@floatcapt=\box29
) (./parta.aux)
\openout1 = `parta.aux'.

LaTeX Font Info:    Checking defaults for OML/cmm/m/it on input line 17.
LaTeX Font Info:    ... okay on input line 17.
LaTeX Font Info:    Checking defaults for T1/cmr/m/n on input line 17.
LaTeX Font Info:    ... okay on input line 17.
LaTeX Font Info:    Checking defaults for OT1/cmr/m/n on input line 17.
LaTeX Font Info:    ... okay on input line 17.
LaTeX Font Info:    Checking defaults for OMS/cmsy/m/n on input line 17.
LaTeX Font Info:    ... okay on input line 17.
LaTeX Font Info:    Checking defaults for OMX/cmex/m/n on input line 17.
LaTeX Font Info:    ... okay on input line 17.
LaTeX Font Info:    Checking defaults for U/cmr/m/n on input line 17.
LaTeX Font Info:    ... okay on input line 17.

(/usr/share/texlive/texmf-dist/tex/context/base/supp-pdf.mkii
[Loading MPS to PDF converter (version 2006.09.02).]
\scratchcounter=\count106
\scratchdimen=\dimen127
\scratchbox=\box30
\nofMPsegments=\count107
\nofMParguments=\count108
\everyMPshowfont=\toks22
\MPscratchCnt=\count109
\MPscratchDim=\dimen128
\MPnumerator=\count110
\makeMPintoPDFobject=\count111
\everyMPtoPDFconversion=\toks23
) (/usr/share/texlive/texmf-dist/tex/generic/oberdiek/pdftexcmds.sty
Package: pdftexcmds 2011/11/29 v0.20 Utility functions of pdfTeX for LuaTeX (HO
)

(/usr/share/texlive/texmf-dist/tex/generic/oberdiek/ifluatex.sty
Package: ifluatex 2010/03/01 v1.3 Provides the ifluatex switch (HO)
Package ifluatex Info: LuaTeX not detected.
)
(/usr/share/texlive/texmf-dist/tex/generic/oberdiek/ifpdf.sty
Package: ifpdf 2011/01/30 v2.3 Provides the ifpdf switch (HO)
Package ifpdf Info: pdfTeX in PDF mode is detected.
)
Package pdftexcmds Info: LuaTeX not detected.
Package pdftexcmds Info: \pdf@primitive is available.
Package pdftexcmds Info: \pdf@ifprimitive is available.
Package pdftexcmds Info: \pdfdraftmode found.
)
(/usr/share/texlive/texmf-dist/tex/latex/oberdiek/epstopdf-base.sty
Package: epstopdf-base 2010/02/09 v2.5 Base part for package epstopdf

(/usr/share/texlive/texmf-dist/tex/latex/oberdiek/grfext.sty
Package: grfext 2010/08/19 v1.1 Manage graphics extensions (HO)

(/usr/share/texlive/texmf-dist/tex/generic/oberdiek/kvdefinekeys.sty
Package: kvdefinekeys 2011/04/07 v1.3 Define keys (HO)
))
(/usr/share/texlive/texmf-dist/tex/latex/oberdiek/kvoptions.sty
Package: kvoptions 2011/06/30 v3.11 Key value format for package options (HO)

(/usr/share/texlive/texmf-dist/tex/generic/oberdiek/kvsetkeys.sty
Package: kvsetkeys 2012/04/25 v1.16 Key value parser (HO)

(/usr/share/texlive/texmf-dist/tex/generic/oberdiek/etexcmds.sty
Package: etexcmds 2011/02/16 v1.5 Avoid name clashes with e-TeX commands (HO)
Package etexcmds Info: Could not find \expanded.
(etexcmds)             That can mean that you are not using pdfTeX 1.50 or
(etexcmds)             that some package has redefined \expanded.
(etexcmds)             In the latter case, load this package earlier.
)))
Package grfext Info: Graphics extension search list:
(grfext)             [.png,.pdf,.jpg,.mps,.jpeg,.jbig2,.jb2,.PNG,.PDF,.JPG,.JPE
G,.JBIG2,.JB2,.eps]
(grfext)             \AppendGraphicsExtensions on input line 452.

(/usr/share/texlive/texmf-dist/tex/latex/latexconfig/epstopdf-sys.cfg
File: epstopdf-sys.cfg 2010/07/13 v1.3 Configuration of (r)epstopdf for TeX Liv
e
))
Overfull \hbox (13.05508pt too wide) in paragraph at lines 43--44
\OT1/cmr/m/n/10 We run query 12, 21, 50, 71 and 85 of TPC-DS bench-mark set wit
h Hive/Mapreduce
 []

Package epstopdf Info: Source file: <pic/q1a_time.eps>
(epstopdf)                    date: 2016-09-30 11:25:24
(epstopdf)                    size: 17249 bytes
(epstopdf)             Output file: <pic/q1a_time-eps-converted-to.pdf>
(epstopdf)                    date: 2016-10-01 13:04:53
(epstopdf)                    size: 7232 bytes
(epstopdf)             Command: <repstopdf --outfile=pic/q1a_time-eps-converted
-to.pdf pic/q1a_time.eps>
(epstopdf)             \includegraphics on input line 47.
Package epstopdf Info: Output file is already uptodate.
<pic/q1a_time-eps-converted-to.pdf, id=1, 421.575pt x 316.18124pt>
File: pic/q1a_time-eps-converted-to.pdf Graphic file (type pdf)

<use pic/q1a_time-eps-converted-to.pdf>
Package pdftex.def Info: pic/q1a_time-eps-converted-to.pdf used on input line 4
7.
(pdftex.def)             Requested size: 258.75pt x 194.06676pt.
 [1

{/var/lib/texmf/fonts/map/pdftex/updmap/pdftex.map}]
Package epstopdf Info: Source file: <pic/q1b_net.eps>
(epstopdf)                    date: 2016-10-03 19:35:41
(epstopdf)                    size: 20766 bytes
(epstopdf)             Output file: <pic/q1b_net-eps-converted-to.pdf>
(epstopdf)                    date: 2016-10-03 19:36:16
(epstopdf)                    size: 7977 bytes
(epstopdf)             Command: <repstopdf --outfile=pic/q1b_net-eps-converted-
to.pdf pic/q1b_net.eps>
(epstopdf)             \includegraphics on input line 59.
Package epstopdf Info: Output file is already uptodate.
 <pic/q1b_net-eps-converted-to.pdf, id=11, 449.68pt x 345.29pt>
File: pic/q1b_net-eps-converted-to.pdf Graphic file (type pdf)

<use pic/q1b_net-eps-converted-to.pdf>
Package pdftex.def Info: pic/q1b_net-eps-converted-to.pdf used on input line 59
.
(pdftex.def)             Requested size: 258.75pt x 198.693pt.
Package epstopdf Info: Source file: <pic/q1b_disk.eps>
(epstopdf)                    date: 2016-10-02 19:47:56
(epstopdf)                    size: 21427 bytes
(epstopdf)             Output file: <pic/q1b_disk-eps-converted-to.pdf>
(epstopdf)                    date: 2016-10-02 21:43:50
(epstopdf)                    size: 8239 bytes
(epstopdf)             Command: <repstopdf --outfile=pic/q1b_disk-eps-converted
-to.pdf pic/q1b_disk.eps>
(epstopdf)             \includegraphics on input line 69.
Package epstopdf Info: Output file is already uptodate.

<pic/q1b_disk-eps-converted-to.pdf, id=12, 421.575pt x 316.18124pt>
File: pic/q1b_disk-eps-converted-to.pdf Graphic file (type pdf)

<use pic/q1b_disk-eps-converted-to.pdf>
Package pdftex.def Info: pic/q1b_disk-eps-converted-to.pdf used on input line 6
9.
(pdftex.def)             Requested size: 258.75pt x 194.06676pt.
 [2 <./pic/q1a_time-eps-converted-to.pdf>] [3 <./pic/q1b_net-eps-converted-to.p
df> <./pic/q1b_disk-eps-converted-to.pdf>]
Package epstopdf Info: Source file: <pic/q1c_task_distribution_12.eps>
(epstopdf)                    date: 2016-10-01 12:42:03
(epstopdf)                    size: 120162 bytes
(epstopdf)             Output file: <pic/q1c_task_distribution_12-eps-converted
-to.pdf>
(epstopdf)                    date: 2016-10-01 13:20:20
(epstopdf)                    size: 8894 bytes
(epstopdf)             Command: <repstopdf --outfile=pic/q1c_task_distribution_
12-eps-converted-to.pdf pic/q1c_task_distribution_12.eps>
(epstopdf)             \includegraphics on input line 119.
Package epstopdf Info: Output file is already uptodate.

<pic/q1c_task_distribution_12-eps-converted-to.pdf, id=34, 421.575pt x 316.1812
4pt>
File: pic/q1c_task_distribution_12-eps-converted-to.pdf Graphic file (type pdf)

 <use pic/q1c_task_distribution_12-eps-converted-to.pdf>
Package pdftex.def Info: pic/q1c_task_distribution_12-eps-converted-to.pdf used
 on input line 119.
(pdftex.def)             Requested size: 258.75pt x 194.06676pt.
Package epstopdf Info: Source file: <pic/q1c_task_distribution_21.eps>
(epstopdf)                    date: 2016-10-01 12:48:00
(epstopdf)                    size: 127988 bytes
(epstopdf)             Output file: <pic/q1c_task_distribution_21-eps-converted
-to.pdf>
(epstopdf)                    date: 2016-10-01 13:20:20
(epstopdf)                    size: 8244 bytes
(epstopdf)             Command: <repstopdf --outfile=pic/q1c_task_distribution_
21-eps-converted-to.pdf pic/q1c_task_distribution_21.eps>
(epstopdf)             \includegraphics on input line 129.
Package epstopdf Info: Output file is already uptodate.

<pic/q1c_task_distribution_21-eps-converted-to.pdf, id=35, 421.575pt x 316.1812
4pt>
File: pic/q1c_task_distribution_21-eps-converted-to.pdf Graphic file (type pdf)

 <use pic/q1c_task_distribution_21-eps-converted-to.pdf>
Package pdftex.def Info: pic/q1c_task_distribution_21-eps-converted-to.pdf used
 on input line 129.
(pdftex.def)             Requested size: 258.75pt x 194.06676pt.
Package epstopdf Info: Source file: <pic/q1c_task_distribution_50.eps>
(epstopdf)                    date: 2016-10-01 12:43:09
(epstopdf)                    size: 131384 bytes
(epstopdf)             Output file: <pic/q1c_task_distribution_50-eps-converted
-to.pdf>
(epstopdf)                    date: 2016-10-01 13:20:21
(epstopdf)                    size: 10855 bytes
(epstopdf)             Command: <repstopdf --outfile=pic/q1c_task_distribution_
50-eps-converted-to.pdf pic/q1c_task_distribution_50.eps>
(epstopdf)             \includegraphics on input line 139.
Package epstopdf Info: Output file is already uptodate.

<pic/q1c_task_distribution_50-eps-converted-to.pdf, id=36, 421.575pt x 316.1812
4pt>
File: pic/q1c_task_distribution_50-eps-converted-to.pdf Graphic file (type pdf)

 <use pic/q1c_task_distribution_50-eps-converted-to.pdf>
Package pdftex.def Info: pic/q1c_task_distribution_50-eps-converted-to.pdf used
 on input line 139.
(pdftex.def)             Requested size: 258.75pt x 194.06676pt.
 [4] [5 <./pic/q1c_task_distribution_12-eps-converted-to.pdf> <./pic/q1c_task_d
istribution_21-eps-converted-to.pdf>]
Package epstopdf Info: Source file: <pic/q1c_task_distribution_71.eps>
(epstopdf)                    date: 2016-10-01 12:42:48
(epstopdf)                    size: 135687 bytes
(epstopdf)             Output file: <pic/q1c_task_distribution_71-eps-converted
-to.pdf>
(epstopdf)                    date: 2016-10-01 13:20:21
(epstopdf)                    size: 11426 bytes
(epstopdf)             Command: <repstopdf --outfile=pic/q1c_task_distribution_
71-eps-converted-to.pdf pic/q1c_task_distribution_71.eps>
(epstopdf)             \includegraphics on input line 149.
Package epstopdf Info: Output file is already uptodate.

<pic/q1c_task_distribution_71-eps-converted-to.pdf, id=53, 421.575pt x 316.1812
4pt>
File: pic/q1c_task_distribution_71-eps-converted-to.pdf Graphic file (type pdf)

 <use pic/q1c_task_distribution_71-eps-converted-to.pdf>
Package pdftex.def Info: pic/q1c_task_distribution_71-eps-converted-to.pdf used
 on input line 149.
(pdftex.def)             Requested size: 258.75pt x 194.06676pt.
Package epstopdf Info: Source file: <pic/q1c_task_distribution_85.eps>
(epstopdf)                    date: 2016-10-01 12:42:37
(epstopdf)                    size: 130675 bytes
(epstopdf)             Output file: <pic/q1c_task_distribution_85-eps-converted
-to.pdf>
(epstopdf)                    date: 2016-10-01 13:20:22
(epstopdf)                    size: 12917 bytes
(epstopdf)             Command: <repstopdf --outfile=pic/q1c_task_distribution_
85-eps-converted-to.pdf pic/q1c_task_distribution_85.eps>
(epstopdf)             \includegraphics on input line 158.
Package epstopdf Info: Output file is already uptodate.

<pic/q1c_task_distribution_85-eps-converted-to.pdf, id=54, 421.575pt x 316.1812
4pt>
File: pic/q1c_task_distribution_85-eps-converted-to.pdf Graphic file (type pdf)

 <use pic/q1c_task_distribution_85-eps-converted-to.pdf>
Package pdftex.def Info: pic/q1c_task_distribution_85-eps-converted-to.pdf used
 on input line 158.
(pdftex.def)             Requested size: 258.75pt x 194.06676pt.
 [6 <./pic/q1c_task_distribution_50-eps-converted-to.pdf>] [7 <./pic/q1c_task_d
istribution_71-eps-converted-to.pdf> <./pic/q1c_task_distribution_85-eps-conver
ted-to.pdf>]
<pic/dag_mr_12.png, id=77, 119.4864pt x 688.4922pt>
File: pic/dag_mr_12.png Graphic file (type png)
 <use pic/dag_mr_12.png>
Package pdftex.def Info: pic/dag_mr_12.png used on input line 174.
(pdftex.def)             Requested size: 35.3296pt x 203.56567pt.

Underfull \hbox (badness 10000) in paragraph at lines 175--175
[]\OT1/cmr/m/n/10 Figure 9: Di-rected
 []

<pic/dag_mr_21.png, id=78, 119.0046pt x 688.4922pt>
File: pic/dag_mr_21.png Graphic file (type png)
 <use pic/dag_mr_21.png>
Package pdftex.def Info: pic/dag_mr_21.png used on input line 180.
(pdftex.def)             Requested size: 35.3296pt x 204.39561pt.

Underfull \hbox (badness 10000) in paragraph at lines 181--181
[]\OT1/cmr/m/n/10 Figure 10: Di-rected
 []

<pic/dag_mr_50.png, id=79, 119.4864pt x 736.6722pt>
File: pic/dag_mr_50.png Graphic file (type png)
 <use pic/dag_mr_50.png>
Package pdftex.def Info: pic/dag_mr_50.png used on input line 186.
(pdftex.def)             Requested size: 35.3296pt x 217.811pt.

Underfull \hbox (badness 10000) in paragraph at lines 187--187
[]\OT1/cmr/m/n/10 Figure 11: Di-rected
 []

<pic/dag_mr_71.png, id=80, 358.941pt x 621.522pt>
File: pic/dag_mr_71.png Graphic file (type png)
 <use pic/dag_mr_71.png>
Package pdftex.def Info: pic/dag_mr_71.png used on input line 196.
(pdftex.def)             Requested size: 99.36012pt x 172.0429pt.

<pic/dag_mr_85.png, id=81, 291.0072pt x 555.0336pt>
File: pic/dag_mr_85.png Graphic file (type png)
 <use pic/dag_mr_85.png>
Package pdftex.def Info: pic/dag_mr_85.png used on input line 202.
(pdftex.def)             Requested size: 99.36012pt x 189.50502pt.

<pic/dag_tez_12.png, id=82, 311.7246pt x 463.0098pt>
File: pic/dag_tez_12.png Graphic file (type png)
 <use pic/dag_tez_12.png>
Package pdftex.def Info: pic/dag_tez_12.png used on input line 212.
(pdftex.def)             Requested size: 73.31302pt x 108.89209pt.

Underfull \hbox (badness 10000) in paragraph at lines 213--213
\OT1/cmr/m/n/10 Acyclic Graph
 []


Underfull \hbox (badness 10000) in paragraph at lines 213--213
\OT1/cmr/m/n/10 (DAG) of Tez
 []

<pic/dag_tez_21.png, id=83, 393.1488pt x 382.5492pt>
File: pic/dag_tez_21.png Graphic file (type png)
 <use pic/dag_tez_21.png>
Package pdftex.def Info: pic/dag_tez_21.png used on input line 218.
(pdftex.def)             Requested size: 87.97652pt x 85.60287pt.

Underfull \hbox (badness 4366) in paragraph at lines 219--219
[]\OT1/cmr/m/n/10 Figure 15: Di-rected
 []

<pic/dag_tez_50.png, id=84, 663.9204pt x 397.9668pt>
File: pic/dag_tez_50.png Graphic file (type png)
 <use pic/dag_tez_50.png>
Package pdftex.def Info: pic/dag_tez_50.png used on input line 224.
(pdftex.def)             Requested size: 117.29904pt x 70.30713pt.

Underfull \hbox (badness 1688) in paragraph at lines 225--225
[]\OT1/cmr/m/n/10 Figure 16: Di-rected Acyclic
 []

<pic/dag_tez_71.png, id=85, 662.9568pt x 438.438pt>
File: pic/dag_tez_71.png Graphic file (type png)
 <use pic/dag_tez_71.png>
Package pdftex.def Info: pic/dag_tez_71.png used on input line 234.
(pdftex.def)             Requested size: 140.75975pt x 93.08488pt.

<pic/dag_tez_85.png, id=87, 607.5498pt x 620.0766pt>
File: pic/dag_tez_85.png Graphic file (type png)
 <use pic/dag_tez_85.png>
Package pdftex.def Info: pic/dag_tez_85.png used on input line 240.
(pdftex.def)             Requested size: 140.75975pt x 143.6554pt.

[8 <./pic/dag_mr_12.png> <./pic/dag_mr_21.png> <./pic/dag_mr_50.png>] [9 <./pic
/dag_mr_71.png> <./pic/dag_mr_85.png> <./pic/dag_tez_12.png> <./pic/dag_tez_21.
png> <./pic/dag_tez_50.png>] [10 <./pic/dag_tez_71.png> <./pic/dag_tez_85.png>]
[11] [12]
Package epstopdf Info: Source file: <pic/q3a_time.eps>
(epstopdf)                    date: 2016-10-01 14:28:53
(epstopdf)                    size: 17179 bytes
(epstopdf)             Output file: <pic/q3a_time-eps-converted-to.pdf>
(epstopdf)                    date: 2016-10-01 14:30:39
(epstopdf)                    size: 7025 bytes
(epstopdf)             Command: <repstopdf --outfile=pic/q3a_time-eps-converted
-to.pdf pic/q3a_time.eps>
(epstopdf)             \includegraphics on input line 367.
Package epstopdf Info: Output file is already uptodate.
 <pic/q3a_time-eps-converted-to.pdf, id=114, 429.605pt x 318.18875pt>
File: pic/q3a_time-eps-converted-to.pdf Graphic file (type pdf)

<use pic/q3a_time-eps-converted-to.pdf>
Package pdftex.def Info: pic/q3a_time-eps-converted-to.pdf used on input line 3
67.
(pdftex.def)             Requested size: 293.2521pt x 217.20056pt.
 [13 <./pic/q3a_time-eps-converted-to.pdf>] (./parta.aux) ) 
Here is how much of TeX's memory you used:
 2673 strings out of 495028
 36783 string characters out of 6181497
 97623 words of memory out of 5000000
 5831 multiletter control sequences out of 15000+600000
 9023 words of font info for 33 fonts, out of 8000000 for 9000
 14 hyphenation exceptions out of 8191
 38i,7n,23p,1046b,290s stack positions out of 5000i,500n,10000p,200000b,80000s
</usr/share/texlive/
texmf-dist/fonts/type1/public/amsfonts/cm/cmbx10.pfb></usr/share/texlive/texmf-
dist/fonts/type1/public/amsfonts/cm/cmbx12.pfb></usr/share/texlive/texmf-dist/f
onts/type1/public/amsfonts/cm/cmr10.pfb></usr/share/texlive/texmf-dist/fonts/ty
pe1/public/amsfonts/cm/cmr12.pfb></usr/share/texlive/texmf-dist/fonts/type1/pub
lic/amsfonts/cm/cmr17.pfb>
Output written on parta.pdf (13 pages, 584604 bytes).
PDF statistics:
 142 PDF objects out of 1000 (max. 8388607)
 83 compressed objects within 1 object stream
 0 named destinations out of 1000 (max. 500000)
 96 words of extra memory for PDF output out of 10000 (max. 10000000)

