
Logging initialized using configuration in jar:file:/home/ubuntu/software/hive-1.2.1/lib/hive-common-1.2.1.jar!/hive-log4j.properties
Hive history file=/tmp/ubuntu/hive_job_log_63e91212-7135-4d66-aeeb-9a781f46d5f2_932342026.txt
OK
Time taken: 0.911 seconds
Query ID = ubuntu_20160923002838_e6b87ae8-09ef-43fd-ae25-1ea5ea08a03a
Total jobs = 11
Stage-29 is selected by condition resolver.
Stage-1 is filtered out by condition resolver.
Stage-30 is selected by condition resolver.
Stage-7 is filtered out by condition resolver.
Stage-31 is selected by condition resolver.
Stage-9 is filtered out by condition resolver.
Execution log at: /tmp/ubuntu/ubuntu_20160923002838_e6b87ae8-09ef-43fd-ae25-1ea5ea08a03a.log
2016-09-23 00:28:44	Starting to launch local task to process map join;	maximum memory = 932184064
2016-09-23 00:28:45	Dump the side-table for tag: 1 with group count: 31 into file: file:/tmp/ubuntu/63e91212-7135-4d66-aeeb-9a781f46d5f2/hive_2016-09-23_00-28-38_545_3581001663626150089-1/-local-10016/HashTable-Stage-17/MapJoin-mapfile31--.hashtable
2016-09-23 00:28:45	Uploaded 1 File to: file:/tmp/ubuntu/63e91212-7135-4d66-aeeb-9a781f46d5f2/hive_2016-09-23_00-28-38_545_3581001663626150089-1/-local-10016/HashTable-Stage-17/MapJoin-mapfile31--.hashtable (914 bytes)
2016-09-23 00:28:45	End of local task; Time Taken: 1.431 sec.
Execution completed successfully
MapredLocal task succeeded
Execution log at: /tmp/ubuntu/ubuntu_20160923002838_e6b87ae8-09ef-43fd-ae25-1ea5ea08a03a.log
2016-09-23 00:28:49	Starting to launch local task to process map join;	maximum memory = 932184064
2016-09-23 00:28:51	Dump the side-table for tag: 1 with group count: 31 into file: file:/tmp/ubuntu/63e91212-7135-4d66-aeeb-9a781f46d5f2/hive_2016-09-23_00-28-38_545_3581001663626150089-1/-local-10018/HashTable-Stage-20/MapJoin-mapfile51--.hashtable
2016-09-23 00:28:51	Uploaded 1 File to: file:/tmp/ubuntu/63e91212-7135-4d66-aeeb-9a781f46d5f2/hive_2016-09-23_00-28-38_545_3581001663626150089-1/-local-10018/HashTable-Stage-20/MapJoin-mapfile51--.hashtable (914 bytes)
2016-09-23 00:28:51	End of local task; Time Taken: 1.456 sec.
Execution completed successfully
MapredLocal task succeeded
Execution log at: /tmp/ubuntu/ubuntu_20160923002838_e6b87ae8-09ef-43fd-ae25-1ea5ea08a03a.log
2016-09-23 00:28:54	Starting to launch local task to process map join;	maximum memory = 932184064
2016-09-23 00:28:55	Dump the side-table for tag: 1 with group count: 31 into file: file:/tmp/ubuntu/63e91212-7135-4d66-aeeb-9a781f46d5f2/hive_2016-09-23_00-28-38_545_3581001663626150089-1/-local-10020/HashTable-Stage-23/MapJoin-mapfile71--.hashtable
2016-09-23 00:28:55	Uploaded 1 File to: file:/tmp/ubuntu/63e91212-7135-4d66-aeeb-9a781f46d5f2/hive_2016-09-23_00-28-38_545_3581001663626150089-1/-local-10020/HashTable-Stage-23/MapJoin-mapfile71--.hashtable (914 bytes)
2016-09-23 00:28:55	End of local task; Time Taken: 1.382 sec.
Execution completed successfully
MapredLocal task succeeded
Launching Job 4 out of 11
Number of reduce tasks is set to 0 since there's no reduce operator
Starting Job = job_1474574455816_0034, Tracking URL = http://vm4:8088/proxy/application_1474574455816_0034/
Kill Command = /home/ubuntu/software/hadoop-2.6.0/bin/hadoop job  -kill job_1474574455816_0034
Hadoop job information for Stage-17: number of mappers: 26; number of reducers: 0
2016-09-23 00:29:03,037 Stage-17 map = 0%,  reduce = 0%
2016-09-23 00:29:15,488 Stage-17 map = 16%,  reduce = 0%, Cumulative CPU 33.3 sec
2016-09-23 00:29:16,531 Stage-17 map = 37%,  reduce = 0%, Cumulative CPU 69.99 sec
2016-09-23 00:29:17,573 Stage-17 map = 39%,  reduce = 0%, Cumulative CPU 70.73 sec
2016-09-23 00:29:19,657 Stage-17 map = 41%,  reduce = 0%, Cumulative CPU 72.1 sec
2016-09-23 00:29:21,746 Stage-17 map = 43%,  reduce = 0%, Cumulative CPU 72.67 sec
2016-09-23 00:29:24,865 Stage-17 map = 47%,  reduce = 0%, Cumulative CPU 80.62 sec
2016-09-23 00:29:25,909 Stage-17 map = 55%,  reduce = 0%, Cumulative CPU 98.05 sec
2016-09-23 00:29:26,949 Stage-17 map = 62%,  reduce = 0%, Cumulative CPU 111.21 sec
2016-09-23 00:29:27,990 Stage-17 map = 77%,  reduce = 0%, Cumulative CPU 133.01 sec
2016-09-23 00:29:29,030 Stage-17 map = 81%,  reduce = 0%, Cumulative CPU 138.38 sec
2016-09-23 00:29:33,168 Stage-17 map = 85%,  reduce = 0%, Cumulative CPU 142.78 sec
2016-09-23 00:29:34,209 Stage-17 map = 89%,  reduce = 0%, Cumulative CPU 148.83 sec
2016-09-23 00:29:35,254 Stage-17 map = 96%,  reduce = 0%, Cumulative CPU 156.64 sec
2016-09-23 00:29:40,428 Stage-17 map = 100%,  reduce = 0%, Cumulative CPU 163.09 sec
MapReduce Total cumulative CPU time: 2 minutes 43 seconds 90 msec
Ended Job = job_1474574455816_0034
Launching Job 5 out of 11
Number of reduce tasks is set to 0 since there's no reduce operator
Starting Job = job_1474574455816_0035, Tracking URL = http://vm4:8088/proxy/application_1474574455816_0035/
Kill Command = /home/ubuntu/software/hadoop-2.6.0/bin/hadoop job  -kill job_1474574455816_0035
Hadoop job information for Stage-20: number of mappers: 51; number of reducers: 0
2016-09-23 00:29:47,095 Stage-20 map = 0%,  reduce = 0%
2016-09-23 00:29:59,522 Stage-20 map = 7%,  reduce = 0%, Cumulative CPU 31.76 sec
2016-09-23 00:30:00,597 Stage-20 map = 8%,  reduce = 0%, Cumulative CPU 44.21 sec
2016-09-23 00:30:02,697 Stage-20 map = 11%,  reduce = 0%, Cumulative CPU 49.17 sec
2016-09-23 00:30:05,805 Stage-20 map = 12%,  reduce = 0%, Cumulative CPU 55.32 sec
2016-09-23 00:30:07,885 Stage-20 map = 14%,  reduce = 0%, Cumulative CPU 60.58 sec
2016-09-23 00:30:08,929 Stage-20 map = 17%,  reduce = 0%, Cumulative CPU 62.92 sec
2016-09-23 00:30:11,003 Stage-20 map = 18%,  reduce = 0%, Cumulative CPU 69.55 sec
2016-09-23 00:30:12,038 Stage-20 map = 20%,  reduce = 0%, Cumulative CPU 76.9 sec
2016-09-23 00:30:14,105 Stage-20 map = 22%,  reduce = 0%, Cumulative CPU 82.84 sec
2016-09-23 00:30:16,175 Stage-20 map = 25%,  reduce = 0%, Cumulative CPU 86.47 sec
2016-09-23 00:30:17,214 Stage-20 map = 27%,  reduce = 0%, Cumulative CPU 92.3 sec
2016-09-23 00:30:18,250 Stage-20 map = 29%,  reduce = 0%, Cumulative CPU 95.47 sec
2016-09-23 00:30:19,285 Stage-20 map = 30%,  reduce = 0%, Cumulative CPU 97.33 sec
2016-09-23 00:30:20,322 Stage-20 map = 32%,  reduce = 0%, Cumulative CPU 99.06 sec
2016-09-23 00:30:21,358 Stage-20 map = 37%,  reduce = 0%, Cumulative CPU 113.97 sec
2016-09-23 00:30:22,393 Stage-20 map = 39%,  reduce = 0%, Cumulative CPU 120.24 sec
2016-09-23 00:30:24,466 Stage-20 map = 40%,  reduce = 0%, Cumulative CPU 123.47 sec
2016-09-23 00:30:25,502 Stage-20 map = 43%,  reduce = 0%, Cumulative CPU 129.35 sec
2016-09-23 00:30:26,540 Stage-20 map = 45%,  reduce = 0%, Cumulative CPU 134.74 sec
2016-09-23 00:30:28,613 Stage-20 map = 49%,  reduce = 0%, Cumulative CPU 148.14 sec
2016-09-23 00:30:30,685 Stage-20 map = 51%,  reduce = 0%, Cumulative CPU 153.15 sec
2016-09-23 00:30:31,716 Stage-20 map = 57%,  reduce = 0%, Cumulative CPU 168.6 sec
2016-09-23 00:30:32,752 Stage-20 map = 59%,  reduce = 0%, Cumulative CPU 177.03 sec
2016-09-23 00:30:33,786 Stage-20 map = 60%,  reduce = 0%, Cumulative CPU 177.75 sec
2016-09-23 00:30:35,854 Stage-20 map = 61%,  reduce = 0%, Cumulative CPU 184.84 sec
2016-09-23 00:30:36,893 Stage-20 map = 63%,  reduce = 0%, Cumulative CPU 190.68 sec
2016-09-23 00:30:37,927 Stage-20 map = 65%,  reduce = 0%, Cumulative CPU 196.09 sec
2016-09-23 00:30:38,964 Stage-20 map = 66%,  reduce = 0%, Cumulative CPU 201.17 sec
2016-09-23 00:30:40,029 Stage-20 map = 68%,  reduce = 0%, Cumulative CPU 202.62 sec
2016-09-23 00:30:41,068 Stage-20 map = 72%,  reduce = 0%, Cumulative CPU 215.4 sec
2016-09-23 00:30:42,107 Stage-20 map = 73%,  reduce = 0%, Cumulative CPU 219.27 sec
2016-09-23 00:30:43,159 Stage-20 map = 74%,  reduce = 0%, Cumulative CPU 224.22 sec
2016-09-23 00:30:44,195 Stage-20 map = 75%,  reduce = 0%, Cumulative CPU 225.3 sec
2016-09-23 00:30:46,260 Stage-20 map = 80%,  reduce = 0%, Cumulative CPU 238.83 sec
2016-09-23 00:30:48,323 Stage-20 map = 81%,  reduce = 0%, Cumulative CPU 240.31 sec
2016-09-23 00:30:49,355 Stage-20 map = 83%,  reduce = 0%, Cumulative CPU 245.97 sec
2016-09-23 00:30:50,387 Stage-20 map = 85%,  reduce = 0%, Cumulative CPU 254.6 sec
2016-09-23 00:30:51,423 Stage-20 map = 88%,  reduce = 0%, Cumulative CPU 261.41 sec
2016-09-23 00:30:52,454 Stage-20 map = 91%,  reduce = 0%, Cumulative CPU 263.85 sec
2016-09-23 00:30:53,486 Stage-20 map = 93%,  reduce = 0%, Cumulative CPU 268.21 sec
2016-09-23 00:30:58,650 Stage-20 map = 94%,  reduce = 0%, Cumulative CPU 276.47 sec
2016-09-23 00:30:59,682 Stage-20 map = 95%,  reduce = 0%, Cumulative CPU 277.95 sec
2016-09-23 00:31:00,715 Stage-20 map = 96%,  reduce = 0%, Cumulative CPU 278.9 sec
2016-09-23 00:31:01,747 Stage-20 map = 97%,  reduce = 0%, Cumulative CPU 280.55 sec
2016-09-23 00:31:02,779 Stage-20 map = 99%,  reduce = 0%, Cumulative CPU 281.83 sec
2016-09-23 00:31:06,927 Stage-20 map = 100%,  reduce = 0%, Cumulative CPU 283.21 sec
MapReduce Total cumulative CPU time: 4 minutes 43 seconds 210 msec
Ended Job = job_1474574455816_0035
Launching Job 6 out of 11
Number of reduce tasks is set to 0 since there's no reduce operator
Starting Job = job_1474574455816_0036, Tracking URL = http://vm4:8088/proxy/application_1474574455816_0036/
Kill Command = /home/ubuntu/software/hadoop-2.6.0/bin/hadoop job  -kill job_1474574455816_0036
Hadoop job information for Stage-23: number of mappers: 75; number of reducers: 0
2016-09-23 00:31:15,705 Stage-23 map = 0%,  reduce = 0%
2016-09-23 00:31:28,133 Stage-23 map = 11%,  reduce = 0%, Cumulative CPU 71.85 sec
2016-09-23 00:31:29,173 Stage-23 map = 15%,  reduce = 0%, Cumulative CPU 79.0 sec
2016-09-23 00:31:30,239 Stage-23 map = 16%,  reduce = 0%, Cumulative CPU 82.11 sec
2016-09-23 00:31:38,507 Stage-23 map = 17%,  reduce = 0%, Cumulative CPU 88.2 sec
2016-09-23 00:31:39,556 Stage-23 map = 21%,  reduce = 0%, Cumulative CPU 117.98 sec
2016-09-23 00:31:40,593 Stage-23 map = 25%,  reduce = 0%, Cumulative CPU 127.38 sec
2016-09-23 00:31:41,639 Stage-23 map = 29%,  reduce = 0%, Cumulative CPU 157.52 sec
2016-09-23 00:31:42,679 Stage-23 map = 32%,  reduce = 0%, Cumulative CPU 161.96 sec
2016-09-23 00:31:49,935 Stage-23 map = 33%,  reduce = 0%, Cumulative CPU 173.77 sec
2016-09-23 00:31:50,970 Stage-23 map = 35%,  reduce = 0%, Cumulative CPU 185.37 sec
2016-09-23 00:31:52,009 Stage-23 map = 37%,  reduce = 0%, Cumulative CPU 197.73 sec
2016-09-23 00:31:53,045 Stage-23 map = 40%,  reduce = 0%, Cumulative CPU 210.83 sec
2016-09-23 00:31:54,078 Stage-23 map = 44%,  reduce = 0%, Cumulative CPU 232.32 sec
2016-09-23 00:31:55,112 Stage-23 map = 47%,  reduce = 0%, Cumulative CPU 239.85 sec
2016-09-23 00:32:00,292 Stage-23 map = 49%,  reduce = 0%, Cumulative CPU 247.7 sec
2016-09-23 00:32:01,327 Stage-23 map = 51%,  reduce = 0%, Cumulative CPU 254.49 sec
2016-09-23 00:32:03,390 Stage-23 map = 54%,  reduce = 0%, Cumulative CPU 273.02 sec
2016-09-23 00:32:04,423 Stage-23 map = 58%,  reduce = 0%, Cumulative CPU 292.44 sec
2016-09-23 00:32:05,461 Stage-23 map = 60%,  reduce = 0%, Cumulative CPU 299.52 sec
2016-09-23 00:32:06,495 Stage-23 map = 61%,  reduce = 0%, Cumulative CPU 305.52 sec
2016-09-23 00:32:07,529 Stage-23 map = 62%,  reduce = 0%, Cumulative CPU 312.39 sec
2016-09-23 00:32:08,565 Stage-23 map = 63%,  reduce = 0%, Cumulative CPU 312.53 sec
2016-09-23 00:32:11,705 Stage-23 map = 65%,  reduce = 0%, Cumulative CPU 325.19 sec
2016-09-23 00:32:12,743 Stage-23 map = 67%,  reduce = 0%, Cumulative CPU 332.33 sec
2016-09-23 00:32:13,780 Stage-23 map = 68%,  reduce = 0%, Cumulative CPU 344.16 sec
2016-09-23 00:32:14,815 Stage-23 map = 69%,  reduce = 0%, Cumulative CPU 345.73 sec
2016-09-23 00:32:15,848 Stage-23 map = 71%,  reduce = 0%, Cumulative CPU 352.57 sec
2016-09-23 00:32:16,883 Stage-23 map = 74%,  reduce = 0%, Cumulative CPU 372.34 sec
2016-09-23 00:32:17,915 Stage-23 map = 77%,  reduce = 0%, Cumulative CPU 386.52 sec
2016-09-23 00:32:19,975 Stage-23 map = 78%,  reduce = 0%, Cumulative CPU 392.68 sec
2016-09-23 00:32:21,005 Stage-23 map = 79%,  reduce = 0%, Cumulative CPU 393.62 sec
2016-09-23 00:32:24,095 Stage-23 map = 82%,  reduce = 0%, Cumulative CPU 413.13 sec
2016-09-23 00:32:25,126 Stage-23 map = 83%,  reduce = 0%, Cumulative CPU 414.06 sec
2016-09-23 00:32:26,161 Stage-23 map = 85%,  reduce = 0%, Cumulative CPU 425.74 sec
2016-09-23 00:32:27,192 Stage-23 map = 86%,  reduce = 0%, Cumulative CPU 432.48 sec
2016-09-23 00:32:28,224 Stage-23 map = 89%,  reduce = 0%, Cumulative CPU 446.63 sec
2016-09-23 00:32:29,270 Stage-23 map = 91%,  reduce = 0%, Cumulative CPU 454.16 sec
2016-09-23 00:32:30,301 Stage-23 map = 93%,  reduce = 0%, Cumulative CPU 466.92 sec
2016-09-23 00:32:32,358 Stage-23 map = 94%,  reduce = 0%, Cumulative CPU 473.91 sec
2016-09-23 00:32:33,389 Stage-23 map = 95%,  reduce = 0%, Cumulative CPU 474.86 sec
2016-09-23 00:32:34,420 Stage-23 map = 99%,  reduce = 0%, Cumulative CPU 494.75 sec
2016-09-23 00:32:37,511 Stage-23 map = 100%,  reduce = 0%, Cumulative CPU 501.25 sec
MapReduce Total cumulative CPU time: 8 minutes 21 seconds 250 msec
Ended Job = job_1474574455816_0036
Stage-27 is filtered out by condition resolver.
Stage-28 is selected by condition resolver.
Stage-2 is filtered out by condition resolver.
Execution log at: /tmp/ubuntu/ubuntu_20160923002838_e6b87ae8-09ef-43fd-ae25-1ea5ea08a03a.log
2016-09-23 00:32:41	Starting to launch local task to process map join;	maximum memory = 932184064
2016-09-23 00:32:42	Dump the side-table for tag: 0 with group count: 1133 into file: file:/tmp/ubuntu/63e91212-7135-4d66-aeeb-9a781f46d5f2/hive_2016-09-23_00-28-38_545_3581001663626150089-1/-local-10014/HashTable-Stage-15/MapJoin-mapfile20--.hashtable
2016-09-23 00:32:42	Uploaded 1 File to: file:/tmp/ubuntu/63e91212-7135-4d66-aeeb-9a781f46d5f2/hive_2016-09-23_00-28-38_545_3581001663626150089-1/-local-10014/HashTable-Stage-15/MapJoin-mapfile20--.hashtable (48343 bytes)
2016-09-23 00:32:42	End of local task; Time Taken: 1.441 sec.
Execution completed successfully
MapredLocal task succeeded
Launching Job 8 out of 11
Number of reduce tasks is set to 0 since there's no reduce operator
Starting Job = job_1474574455816_0037, Tracking URL = http://vm4:8088/proxy/application_1474574455816_0037/
Kill Command = /home/ubuntu/software/hadoop-2.6.0/bin/hadoop job  -kill job_1474574455816_0037
Hadoop job information for Stage-15: number of mappers: 9; number of reducers: 0
2016-09-23 00:32:49,218 Stage-15 map = 0%,  reduce = 0%
2016-09-23 00:32:57,501 Stage-15 map = 11%,  reduce = 0%, Cumulative CPU 1.39 sec
2016-09-23 00:32:58,534 Stage-15 map = 22%,  reduce = 0%, Cumulative CPU 2.87 sec
2016-09-23 00:32:59,571 Stage-15 map = 56%,  reduce = 0%, Cumulative CPU 13.92 sec
2016-09-23 00:33:00,616 Stage-15 map = 67%,  reduce = 0%, Cumulative CPU 21.64 sec
2016-09-23 00:33:01,647 Stage-15 map = 100%,  reduce = 0%, Cumulative CPU 38.72 sec
MapReduce Total cumulative CPU time: 38 seconds 720 msec
Ended Job = job_1474574455816_0037
Execution log at: /tmp/ubuntu/ubuntu_20160923002838_e6b87ae8-09ef-43fd-ae25-1ea5ea08a03a.log
2016-09-23 00:33:05	Starting to launch local task to process map join;	maximum memory = 932184064
2016-09-23 00:33:06	Dump the side-table for tag: 1 with group count: 25200 into file: file:/tmp/ubuntu/63e91212-7135-4d66-aeeb-9a781f46d5f2/hive_2016-09-23_00-28-38_545_3581001663626150089-1/-local-10010/HashTable-Stage-4/MapJoin-mapfile01--.hashtable
2016-09-23 00:33:07	Uploaded 1 File to: file:/tmp/ubuntu/63e91212-7135-4d66-aeeb-9a781f46d5f2/hive_2016-09-23_00-28-38_545_3581001663626150089-1/-local-10010/HashTable-Stage-4/MapJoin-mapfile01--.hashtable (589187 bytes)
2016-09-23 00:33:07	End of local task; Time Taken: 1.638 sec.
Execution completed successfully
MapredLocal task succeeded
Launching Job 9 out of 11
Number of reduce tasks not specified. Estimated from input data size: 1
In order to change the average load for a reducer (in bytes):
  set hive.exec.reducers.bytes.per.reducer=<number>
In order to limit the maximum number of reducers:
  set hive.exec.reducers.max=<number>
In order to set a constant number of reducers:
  set mapreduce.job.reduces=<number>
Starting Job = job_1474574455816_0038, Tracking URL = http://vm4:8088/proxy/application_1474574455816_0038/
Kill Command = /home/ubuntu/software/hadoop-2.6.0/bin/hadoop job  -kill job_1474574455816_0038
Hadoop job information for Stage-4: number of mappers: 3; number of reducers: 1
2016-09-23 00:33:13,179 Stage-4 map = 0%,  reduce = 0%
2016-09-23 00:33:21,460 Stage-4 map = 33%,  reduce = 0%, Cumulative CPU 3.81 sec
2016-09-23 00:33:22,493 Stage-4 map = 100%,  reduce = 0%, Cumulative CPU 12.81 sec
2016-09-23 00:33:29,709 Stage-4 map = 100%,  reduce = 100%, Cumulative CPU 16.04 sec
MapReduce Total cumulative CPU time: 16 seconds 40 msec
Ended Job = job_1474574455816_0038
Launching Job 10 out of 11
Number of reduce tasks determined at compile time: 1
In order to change the average load for a reducer (in bytes):
  set hive.exec.reducers.bytes.per.reducer=<number>
In order to limit the maximum number of reducers:
  set hive.exec.reducers.max=<number>
In order to set a constant number of reducers:
  set mapreduce.job.reduces=<number>
Starting Job = job_1474574455816_0039, Tracking URL = http://vm4:8088/proxy/application_1474574455816_0039/
Kill Command = /home/ubuntu/software/hadoop-2.6.0/bin/hadoop job  -kill job_1474574455816_0039
Hadoop job information for Stage-5: number of mappers: 1; number of reducers: 1
2016-09-23 00:33:36,245 Stage-5 map = 0%,  reduce = 0%
2016-09-23 00:33:42,434 Stage-5 map = 100%,  reduce = 0%, Cumulative CPU 2.98 sec
2016-09-23 00:33:48,620 Stage-5 map = 100%,  reduce = 100%, Cumulative CPU 5.9 sec
MapReduce Total cumulative CPU time: 5 seconds 900 msec
Ended Job = job_1474574455816_0039
MapReduce Jobs Launched: 
Stage-Stage-17: Map: 26   Cumulative CPU: 163.09 sec   HDFS Read: 7607695644 HDFS Write: 33559330 SUCCESS
Stage-Stage-20: Map: 51   Cumulative CPU: 283.21 sec   HDFS Read: 15206654825 HDFS Write: 66584461 SUCCESS
Stage-Stage-23: Map: 75   Cumulative CPU: 501.25 sec   HDFS Read: 20137315315 HDFS Write: 124611073 SUCCESS
Stage-Stage-15: Map: 9   Cumulative CPU: 38.72 sec   HDFS Read: 224865955 HDFS Write: 6872036 SUCCESS
Stage-Stage-4: Map: 3  Reduce: 1   Cumulative CPU: 16.04 sec   HDFS Read: 6904904 HDFS Write: 1797898 SUCCESS
Stage-Stage-5: Map: 1  Reduce: 1   Cumulative CPU: 5.9 sec   HDFS Read: 1803108 HDFS Write: 1756938 SUCCESS
Total MapReduce CPU Time Spent: 16 minutes 48 seconds 210 msec
OK
Time taken: 312.263 seconds, Fetched: 36951 row(s)
