
Logging initialized using configuration in jar:file:/home/ubuntu/software/hive-1.2.1/lib/hive-common-1.2.1.jar!/hive-log4j.properties
Hive history file=/tmp/ubuntu/hive_job_log_ad74b91c-55eb-4566-b600-4a35ac78cbc2_1843096374.txt
OK
Time taken: 0.842 seconds
Query ID = ubuntu_20160923022212_5a026c6e-5262-4720-9534-d476318c6d73
Total jobs = 1
Launching Job 1 out of 1


Status: Running (Executing on YARN cluster with App id application_1474574455816_0058)

Map 1: -/-	Map 4: -/-	Map 5: -/-	Map 6: -/-	Reducer 2: 0/1	Reducer 3: 0/1	
Map 1: -/-	Map 4: 0/1	Map 5: 0/1	Map 6: -/-	Reducer 2: 0/1	Reducer 3: 0/1	
Map 1: 0/25	Map 4: 0/1	Map 5: 0/1	Map 6: 0/1	Reducer 2: 0/1	Reducer 3: 0/1	
Map 1: 0(+1)/25	Map 4: 0(+1)/1	Map 5: 0(+1)/1	Map 6: 0(+1)/1	Reducer 2: 0/1	Reducer 3: 0/1	
Map 1: 0(+2)/25	Map 4: 0(+1)/1	Map 5: 0(+1)/1	Map 6: 0(+1)/1	Reducer 2: 0/1	Reducer 3: 0/1	
Map 1: 0(+7)/25	Map 4: 0(+1)/1	Map 5: 0(+1)/1	Map 6: 0(+1)/1	Reducer 2: 0/1	Reducer 3: 0/1	
Map 1: 0(+9)/25	Map 4: 0(+1)/1	Map 5: 0(+1)/1	Map 6: 0(+1)/1	Reducer 2: 0/1	Reducer 3: 0/1	
Map 1: 0(+9)/25	Map 4: 1/1	Map 5: 0(+1)/1	Map 6: 0(+1)/1	Reducer 2: 0/1	Reducer 3: 0/1	
Map 1: 0(+9)/25	Map 4: 1/1	Map 5: 0(+1)/1	Map 6: 1/1	Reducer 2: 0/1	Reducer 3: 0/1	
Map 1: 0(+9)/25	Map 4: 1/1	Map 5: 1/1	Map 6: 1/1	Reducer 2: 0/1	Reducer 3: 0/1	
Map 1: 0(+10)/25	Map 4: 1/1	Map 5: 1/1	Map 6: 1/1	Reducer 2: 0/1	Reducer 3: 0/1	
Map 1: 0(+11)/25	Map 4: 1/1	Map 5: 1/1	Map 6: 1/1	Reducer 2: 0/1	Reducer 3: 0/1	
Map 1: 0(+12)/25	Map 4: 1/1	Map 5: 1/1	Map 6: 1/1	Reducer 2: 0/1	Reducer 3: 0/1	
Map 1: 2(+10)/25	Map 4: 1/1	Map 5: 1/1	Map 6: 1/1	Reducer 2: 0/1	Reducer 3: 0/1	
Map 1: 4(+8)/25	Map 4: 1/1	Map 5: 1/1	Map 6: 1/1	Reducer 2: 0/1	Reducer 3: 0/1	
Map 1: 5(+7)/25	Map 4: 1/1	Map 5: 1/1	Map 6: 1/1	Reducer 2: 0/1	Reducer 3: 0/1	
Map 1: 7(+5)/25	Map 4: 1/1	Map 5: 1/1	Map 6: 1/1	Reducer 2: 0/1	Reducer 3: 0/1	
Map 1: 9(+4)/25	Map 4: 1/1	Map 5: 1/1	Map 6: 1/1	Reducer 2: 0/1	Reducer 3: 0/1	
Map 1: 9(+6)/25	Map 4: 1/1	Map 5: 1/1	Map 6: 1/1	Reducer 2: 0/1	Reducer 3: 0/1	
Map 1: 9(+7)/25	Map 4: 1/1	Map 5: 1/1	Map 6: 1/1	Reducer 2: 0/1	Reducer 3: 0/1	
Map 1: 9(+9)/25	Map 4: 1/1	Map 5: 1/1	Map 6: 1/1	Reducer 2: 0/1	Reducer 3: 0/1	
Map 1: 9(+10)/25	Map 4: 1/1	Map 5: 1/1	Map 6: 1/1	Reducer 2: 0/1	Reducer 3: 0/1	
Map 1: 9(+11)/25	Map 4: 1/1	Map 5: 1/1	Map 6: 1/1	Reducer 2: 0/1	Reducer 3: 0/1	
Map 1: 9(+12)/25	Map 4: 1/1	Map 5: 1/1	Map 6: 1/1	Reducer 2: 0/1	Reducer 3: 0/1	
Map 1: 11(+10)/25	Map 4: 1/1	Map 5: 1/1	Map 6: 1/1	Reducer 2: 0/1	Reducer 3: 0/1	
Map 1: 12(+10)/25	Map 4: 1/1	Map 5: 1/1	Map 6: 1/1	Reducer 2: 0/1	Reducer 3: 0/1	
Map 1: 12(+11)/25	Map 4: 1/1	Map 5: 1/1	Map 6: 1/1	Reducer 2: 0/1	Reducer 3: 0/1	
Map 1: 12(+12)/25	Map 4: 1/1	Map 5: 1/1	Map 6: 1/1	Reducer 2: 0/1	Reducer 3: 0/1	
Map 1: 13(+11)/25	Map 4: 1/1	Map 5: 1/1	Map 6: 1/1	Reducer 2: 0/1	Reducer 3: 0/1	
Map 1: 14(+10)/25	Map 4: 1/1	Map 5: 1/1	Map 6: 1/1	Reducer 2: 0/1	Reducer 3: 0/1	
Map 1: 15(+9)/25	Map 4: 1/1	Map 5: 1/1	Map 6: 1/1	Reducer 2: 0/1	Reducer 3: 0/1	
Map 1: 15(+10)/25	Map 4: 1/1	Map 5: 1/1	Map 6: 1/1	Reducer 2: 0/1	Reducer 3: 0/1	
Map 1: 16(+9)/25	Map 4: 1/1	Map 5: 1/1	Map 6: 1/1	Reducer 2: 0/1	Reducer 3: 0/1	
Map 1: 18(+7)/25	Map 4: 1/1	Map 5: 1/1	Map 6: 1/1	Reducer 2: 0/1	Reducer 3: 0/1	
Map 1: 19(+6)/25	Map 4: 1/1	Map 5: 1/1	Map 6: 1/1	Reducer 2: 0/1	Reducer 3: 0/1	
Map 1: 20(+5)/25	Map 4: 1/1	Map 5: 1/1	Map 6: 1/1	Reducer 2: 0/1	Reducer 3: 0/1	
Map 1: 21(+4)/25	Map 4: 1/1	Map 5: 1/1	Map 6: 1/1	Reducer 2: 0/1	Reducer 3: 0/1	
Map 1: 22(+3)/25	Map 4: 1/1	Map 5: 1/1	Map 6: 1/1	Reducer 2: 0/1	Reducer 3: 0/1	
Map 1: 23(+2)/25	Map 4: 1/1	Map 5: 1/1	Map 6: 1/1	Reducer 2: 0/1	Reducer 3: 0/1	
Map 1: 24(+1)/25	Map 4: 1/1	Map 5: 1/1	Map 6: 1/1	Reducer 2: 0/1	Reducer 3: 0/1	
Map 1: 25/25	Map 4: 1/1	Map 5: 1/1	Map 6: 1/1	Reducer 2: 0/1	Reducer 3: 0/1	
Map 1: 25/25	Map 4: 1/1	Map 5: 1/1	Map 6: 1/1	Reducer 2: 0(+1)/1	Reducer 3: 0/1	
Map 1: 25/25	Map 4: 1/1	Map 5: 1/1	Map 6: 1/1	Reducer 2: 1/1	Reducer 3: 0/1	
Map 1: 25/25	Map 4: 1/1	Map 5: 1/1	Map 6: 1/1	Reducer 2: 1/1	Reducer 3: 0(+1)/1	
Map 1: 25/25	Map 4: 1/1	Map 5: 1/1	Map 6: 1/1	Reducer 2: 1/1	Reducer 3: 1/1	
OK
Time taken: 44.35 seconds, Fetched: 100 row(s)
15.44user 0.86system 0:55.83elapsed 29%CPU (0avgtext+0avgdata 700160maxresident)k
0inputs+800outputs (0major+102169minor)pagefaults 0swaps
