
Logging initialized using configuration in jar:file:/home/ubuntu/software/hive-1.2.1/lib/hive-common-1.2.1.jar!/hive-log4j.properties
Hive history file=/tmp/ubuntu/hive_job_log_f83f9090-bd2f-429f-a334-50954585282b_256071708.txt
OK
Time taken: 0.874 seconds
Query ID = ubuntu_20160923003411_4fc49568-8c9b-4bc7-b191-451e1ef1cd0d
Total jobs = 16
Stage-1 is selected by condition resolver.
Launching Job 1 out of 16
Number of reduce tasks not specified. Estimated from input data size: 32
In order to change the average load for a reducer (in bytes):
  set hive.exec.reducers.bytes.per.reducer=<number>
In order to limit the maximum number of reducers:
  set hive.exec.reducers.max=<number>
In order to set a constant number of reducers:
  set mapreduce.job.reduces=<number>
Starting Job = job_1474574455816_0040, Tracking URL = http://vm4:8088/proxy/application_1474574455816_0040/
Kill Command = /home/ubuntu/software/hadoop-2.6.0/bin/hadoop job  -kill job_1474574455816_0040
Hadoop job information for Stage-1: number of mappers: 29; number of reducers: 32
2016-09-23 00:34:22,376 Stage-1 map = 0%,  reduce = 0%
2016-09-23 00:34:34,810 Stage-1 map = 4%,  reduce = 0%, Cumulative CPU 46.7 sec
2016-09-23 00:34:35,854 Stage-1 map = 5%,  reduce = 0%, Cumulative CPU 69.66 sec
2016-09-23 00:34:37,944 Stage-1 map = 18%,  reduce = 0%, Cumulative CPU 96.89 sec
2016-09-23 00:34:38,989 Stage-1 map = 19%,  reduce = 0%, Cumulative CPU 104.15 sec
2016-09-23 00:34:41,070 Stage-1 map = 30%,  reduce = 0%, Cumulative CPU 133.88 sec
2016-09-23 00:34:42,115 Stage-1 map = 37%,  reduce = 0%, Cumulative CPU 141.49 sec
2016-09-23 00:34:43,179 Stage-1 map = 39%,  reduce = 0%, Cumulative CPU 144.32 sec
2016-09-23 00:34:48,387 Stage-1 map = 40%,  reduce = 0%, Cumulative CPU 147.03 sec
2016-09-23 00:34:51,492 Stage-1 map = 44%,  reduce = 0%, Cumulative CPU 167.58 sec
2016-09-23 00:34:52,532 Stage-1 map = 47%,  reduce = 0%, Cumulative CPU 191.19 sec
2016-09-23 00:34:53,582 Stage-1 map = 49%,  reduce = 0%, Cumulative CPU 209.23 sec
2016-09-23 00:34:54,660 Stage-1 map = 52%,  reduce = 0%, Cumulative CPU 221.96 sec
2016-09-23 00:34:55,708 Stage-1 map = 56%,  reduce = 0%, Cumulative CPU 233.71 sec
2016-09-23 00:34:56,773 Stage-1 map = 60%,  reduce = 0%, Cumulative CPU 243.75 sec
2016-09-23 00:34:57,817 Stage-1 map = 62%,  reduce = 0%, Cumulative CPU 249.69 sec
2016-09-23 00:34:58,859 Stage-1 map = 66%,  reduce = 0%, Cumulative CPU 261.41 sec
2016-09-23 00:34:59,903 Stage-1 map = 72%,  reduce = 0%, Cumulative CPU 271.56 sec
2016-09-23 00:35:00,952 Stage-1 map = 76%,  reduce = 0%, Cumulative CPU 278.09 sec
2016-09-23 00:35:01,995 Stage-1 map = 77%,  reduce = 0%, Cumulative CPU 280.17 sec
2016-09-23 00:35:03,039 Stage-1 map = 78%,  reduce = 0%, Cumulative CPU 283.31 sec
2016-09-23 00:35:04,080 Stage-1 map = 81%,  reduce = 0%, Cumulative CPU 297.16 sec
2016-09-23 00:35:06,150 Stage-1 map = 82%,  reduce = 0%, Cumulative CPU 303.01 sec
2016-09-23 00:35:07,192 Stage-1 map = 87%,  reduce = 0%, Cumulative CPU 314.41 sec
2016-09-23 00:35:08,231 Stage-1 map = 88%,  reduce = 0%, Cumulative CPU 317.97 sec
2016-09-23 00:35:09,278 Stage-1 map = 90%,  reduce = 0%, Cumulative CPU 323.44 sec
2016-09-23 00:35:10,324 Stage-1 map = 91%,  reduce = 0%, Cumulative CPU 329.7 sec
2016-09-23 00:35:11,368 Stage-1 map = 93%,  reduce = 0%, Cumulative CPU 332.31 sec
2016-09-23 00:35:12,414 Stage-1 map = 94%,  reduce = 0%, Cumulative CPU 334.94 sec
2016-09-23 00:35:14,519 Stage-1 map = 95%,  reduce = 0%, Cumulative CPU 338.06 sec
2016-09-23 00:35:16,586 Stage-1 map = 96%,  reduce = 0%, Cumulative CPU 340.53 sec
2016-09-23 00:35:17,623 Stage-1 map = 97%,  reduce = 0%, Cumulative CPU 343.51 sec
2016-09-23 00:35:19,685 Stage-1 map = 98%,  reduce = 0%, Cumulative CPU 346.68 sec
2016-09-23 00:35:20,720 Stage-1 map = 100%,  reduce = 0%, Cumulative CPU 351.22 sec
2016-09-23 00:35:31,107 Stage-1 map = 100%,  reduce = 9%, Cumulative CPU 369.49 sec
2016-09-23 00:35:33,173 Stage-1 map = 100%,  reduce = 18%, Cumulative CPU 388.88 sec
2016-09-23 00:35:34,209 Stage-1 map = 100%,  reduce = 24%, Cumulative CPU 403.01 sec
2016-09-23 00:35:35,245 Stage-1 map = 100%,  reduce = 31%, Cumulative CPU 417.0 sec
2016-09-23 00:35:36,283 Stage-1 map = 100%,  reduce = 38%, Cumulative CPU 429.87 sec
2016-09-23 00:35:42,490 Stage-1 map = 100%,  reduce = 43%, Cumulative CPU 441.09 sec
2016-09-23 00:35:43,527 Stage-1 map = 100%,  reduce = 48%, Cumulative CPU 451.96 sec
2016-09-23 00:35:44,570 Stage-1 map = 100%,  reduce = 52%, Cumulative CPU 460.4 sec
2016-09-23 00:35:45,603 Stage-1 map = 100%,  reduce = 56%, Cumulative CPU 469.07 sec
2016-09-23 00:35:46,636 Stage-1 map = 100%,  reduce = 59%, Cumulative CPU 475.38 sec
2016-09-23 00:35:47,677 Stage-1 map = 100%,  reduce = 69%, Cumulative CPU 494.21 sec
2016-09-23 00:35:48,716 Stage-1 map = 100%,  reduce = 72%, Cumulative CPU 500.67 sec
2016-09-23 00:35:49,758 Stage-1 map = 100%,  reduce = 75%, Cumulative CPU 507.23 sec
2016-09-23 00:35:52,849 Stage-1 map = 100%,  reduce = 78%, Cumulative CPU 513.02 sec
2016-09-23 00:35:53,884 Stage-1 map = 100%,  reduce = 81%, Cumulative CPU 519.66 sec
2016-09-23 00:35:54,919 Stage-1 map = 100%,  reduce = 90%, Cumulative CPU 539.13 sec
2016-09-23 00:35:55,953 Stage-1 map = 100%,  reduce = 94%, Cumulative CPU 546.06 sec
2016-09-23 00:35:56,995 Stage-1 map = 100%,  reduce = 97%, Cumulative CPU 552.31 sec
2016-09-23 00:35:58,028 Stage-1 map = 100%,  reduce = 100%, Cumulative CPU 558.48 sec
MapReduce Total cumulative CPU time: 9 minutes 18 seconds 480 msec
Ended Job = job_1474574455816_0040
Execution log at: /tmp/ubuntu/ubuntu_20160923003411_4fc49568-8c9b-4bc7-b191-451e1ef1cd0d.log
2016-09-23 00:36:02	Starting to launch local task to process map join;	maximum memory = 932184064
2016-09-23 00:36:04	Dump the side-table for tag: 1 with group count: 876 into file: file:/tmp/ubuntu/f83f9090-bd2f-429f-a334-50954585282b/hive_2016-09-23_00-34-11_872_5650403045184367942-1/-local-10030/HashTable-Stage-30/MapJoin-mapfile91--.hashtable
2016-09-23 00:36:04	Uploaded 1 File to: file:/tmp/ubuntu/f83f9090-bd2f-429f-a334-50954585282b/hive_2016-09-23_00-34-11_872_5650403045184367942-1/-local-10030/HashTable-Stage-30/MapJoin-mapfile91--.hashtable (17481 bytes)
2016-09-23 00:36:04	End of local task; Time Taken: 1.143 sec.
Execution completed successfully
MapredLocal task succeeded
Launching Job 2 out of 16
Number of reduce tasks is set to 0 since there's no reduce operator
Starting Job = job_1474574455816_0041, Tracking URL = http://vm4:8088/proxy/application_1474574455816_0041/
Kill Command = /home/ubuntu/software/hadoop-2.6.0/bin/hadoop job  -kill job_1474574455816_0041
Hadoop job information for Stage-30: number of mappers: 3; number of reducers: 0
2016-09-23 00:36:11,332 Stage-30 map = 0%,  reduce = 0%
2016-09-23 00:36:22,680 Stage-30 map = 44%,  reduce = 0%, Cumulative CPU 19.77 sec
2016-09-23 00:36:25,779 Stage-30 map = 92%,  reduce = 0%, Cumulative CPU 30.03 sec
2016-09-23 00:36:27,852 Stage-30 map = 100%,  reduce = 0%, Cumulative CPU 32.02 sec
MapReduce Total cumulative CPU time: 32 seconds 20 msec
Ended Job = job_1474574455816_0041
Stage-41 is filtered out by condition resolver.
Stage-42 is filtered out by condition resolver.
Stage-3 is selected by condition resolver.
Launching Job 3 out of 16
Number of reduce tasks not specified. Estimated from input data size: 2
In order to change the average load for a reducer (in bytes):
  set hive.exec.reducers.bytes.per.reducer=<number>
In order to limit the maximum number of reducers:
  set hive.exec.reducers.max=<number>
In order to set a constant number of reducers:
  set mapreduce.job.reduces=<number>
Starting Job = job_1474574455816_0042, Tracking URL = http://vm4:8088/proxy/application_1474574455816_0042/
Kill Command = /home/ubuntu/software/hadoop-2.6.0/bin/hadoop job  -kill job_1474574455816_0042
Hadoop job information for Stage-3: number of mappers: 4; number of reducers: 2
2016-09-23 00:36:35,305 Stage-3 map = 0%,  reduce = 0%
2016-09-23 00:36:44,690 Stage-3 map = 25%,  reduce = 0%, Cumulative CPU 4.14 sec
2016-09-23 00:36:46,756 Stage-3 map = 53%,  reduce = 0%, Cumulative CPU 17.77 sec
2016-09-23 00:36:48,829 Stage-3 map = 75%,  reduce = 0%, Cumulative CPU 21.78 sec
2016-09-23 00:36:49,865 Stage-3 map = 81%,  reduce = 0%, Cumulative CPU 24.89 sec
2016-09-23 00:36:52,965 Stage-3 map = 86%,  reduce = 0%, Cumulative CPU 27.87 sec
2016-09-23 00:36:59,163 Stage-3 map = 92%,  reduce = 0%, Cumulative CPU 34.18 sec
2016-09-23 00:37:03,307 Stage-3 map = 100%,  reduce = 0%, Cumulative CPU 38.99 sec
2016-09-23 00:37:14,672 Stage-3 map = 100%,  reduce = 70%, Cumulative CPU 53.56 sec
2016-09-23 00:37:17,774 Stage-3 map = 100%,  reduce = 77%, Cumulative CPU 60.0 sec
2016-09-23 00:37:20,871 Stage-3 map = 100%,  reduce = 84%, Cumulative CPU 66.25 sec
2016-09-23 00:37:23,969 Stage-3 map = 100%,  reduce = 91%, Cumulative CPU 72.67 sec
2016-09-23 00:37:26,048 Stage-3 map = 100%,  reduce = 99%, Cumulative CPU 79.11 sec
2016-09-23 00:37:27,089 Stage-3 map = 100%,  reduce = 100%, Cumulative CPU 80.64 sec
MapReduce Total cumulative CPU time: 1 minutes 20 seconds 640 msec
Ended Job = job_1474574455816_0042
Stage-39 is filtered out by condition resolver.
Stage-40 is filtered out by condition resolver.
Stage-4 is selected by condition resolver.
Launching Job 4 out of 16
Number of reduce tasks not specified. Estimated from input data size: 2
In order to change the average load for a reducer (in bytes):
  set hive.exec.reducers.bytes.per.reducer=<number>
In order to limit the maximum number of reducers:
  set hive.exec.reducers.max=<number>
In order to set a constant number of reducers:
  set mapreduce.job.reduces=<number>
Starting Job = job_1474574455816_0043, Tracking URL = http://vm4:8088/proxy/application_1474574455816_0043/
Kill Command = /home/ubuntu/software/hadoop-2.6.0/bin/hadoop job  -kill job_1474574455816_0043
Hadoop job information for Stage-4: number of mappers: 5; number of reducers: 2
2016-09-23 00:37:35,197 Stage-4 map = 0%,  reduce = 0%
2016-09-23 00:37:42,463 Stage-4 map = 20%,  reduce = 0%, Cumulative CPU 3.85 sec
2016-09-23 00:37:48,659 Stage-4 map = 60%,  reduce = 0%, Cumulative CPU 28.13 sec
2016-09-23 00:37:53,830 Stage-4 map = 72%,  reduce = 0%, Cumulative CPU 37.3 sec
2016-09-23 00:37:56,947 Stage-4 map = 87%,  reduce = 0%, Cumulative CPU 47.19 sec
2016-09-23 00:37:58,000 Stage-4 map = 100%,  reduce = 0%, Cumulative CPU 48.22 sec
2016-09-23 00:38:08,321 Stage-4 map = 100%,  reduce = 69%, Cumulative CPU 58.89 sec
2016-09-23 00:38:11,431 Stage-4 map = 100%,  reduce = 75%, Cumulative CPU 66.38 sec
2016-09-23 00:38:14,538 Stage-4 map = 100%,  reduce = 81%, Cumulative CPU 72.8 sec
2016-09-23 00:38:17,636 Stage-4 map = 100%,  reduce = 88%, Cumulative CPU 79.25 sec
2016-09-23 00:38:20,729 Stage-4 map = 100%,  reduce = 94%, Cumulative CPU 85.71 sec
2016-09-23 00:38:21,767 Stage-4 map = 100%,  reduce = 96%, Cumulative CPU 87.26 sec
2016-09-23 00:38:23,830 Stage-4 map = 100%,  reduce = 99%, Cumulative CPU 90.48 sec
2016-09-23 00:38:24,867 Stage-4 map = 100%,  reduce = 100%, Cumulative CPU 91.7 sec
MapReduce Total cumulative CPU time: 1 minutes 31 seconds 700 msec
Ended Job = job_1474574455816_0043
Stage-37 is filtered out by condition resolver.
Stage-38 is filtered out by condition resolver.
Stage-5 is selected by condition resolver.
Launching Job 5 out of 16
Number of reduce tasks not specified. Estimated from input data size: 2
In order to change the average load for a reducer (in bytes):
  set hive.exec.reducers.bytes.per.reducer=<number>
In order to limit the maximum number of reducers:
  set hive.exec.reducers.max=<number>
In order to set a constant number of reducers:
  set mapreduce.job.reduces=<number>
Starting Job = job_1474574455816_0044, Tracking URL = http://vm4:8088/proxy/application_1474574455816_0044/
Kill Command = /home/ubuntu/software/hadoop-2.6.0/bin/hadoop job  -kill job_1474574455816_0044
Hadoop job information for Stage-5: number of mappers: 3; number of reducers: 2
2016-09-23 00:38:33,293 Stage-5 map = 0%,  reduce = 0%
2016-09-23 00:38:43,615 Stage-5 map = 33%,  reduce = 0%, Cumulative CPU 4.54 sec
2016-09-23 00:38:50,831 Stage-5 map = 50%,  reduce = 0%, Cumulative CPU 29.49 sec
2016-09-23 00:38:53,946 Stage-5 map = 78%,  reduce = 0%, Cumulative CPU 35.99 sec
2016-09-23 00:38:56,019 Stage-5 map = 89%,  reduce = 0%, Cumulative CPU 38.53 sec
2016-09-23 00:38:57,062 Stage-5 map = 100%,  reduce = 0%, Cumulative CPU 42.57 sec
2016-09-23 00:39:08,399 Stage-5 map = 100%,  reduce = 35%, Cumulative CPU 49.48 sec
2016-09-23 00:39:09,439 Stage-5 map = 100%,  reduce = 71%, Cumulative CPU 57.03 sec
2016-09-23 00:39:11,514 Stage-5 map = 100%,  reduce = 74%, Cumulative CPU 60.3 sec
2016-09-23 00:39:12,552 Stage-5 map = 100%,  reduce = 78%, Cumulative CPU 63.59 sec
2016-09-23 00:39:14,626 Stage-5 map = 100%,  reduce = 81%, Cumulative CPU 66.84 sec
2016-09-23 00:39:15,660 Stage-5 map = 100%,  reduce = 84%, Cumulative CPU 70.08 sec
2016-09-23 00:39:17,723 Stage-5 map = 100%,  reduce = 87%, Cumulative CPU 73.31 sec
2016-09-23 00:39:18,758 Stage-5 map = 100%,  reduce = 90%, Cumulative CPU 76.63 sec
2016-09-23 00:39:20,819 Stage-5 map = 100%,  reduce = 94%, Cumulative CPU 79.86 sec
2016-09-23 00:39:21,856 Stage-5 map = 100%,  reduce = 98%, Cumulative CPU 84.5 sec
2016-09-23 00:39:23,918 Stage-5 map = 100%,  reduce = 100%, Cumulative CPU 86.86 sec
MapReduce Total cumulative CPU time: 1 minutes 26 seconds 860 msec
Ended Job = job_1474574455816_0044
Stage-35 is selected by condition resolver.
Stage-36 is filtered out by condition resolver.
Stage-6 is filtered out by condition resolver.
Execution log at: /tmp/ubuntu/ubuntu_20160923003411_4fc49568-8c9b-4bc7-b191-451e1ef1cd0d.log
2016-09-23 00:39:28	Starting to launch local task to process map join;	maximum memory = 932184064
2016-09-23 00:39:30	Dump the side-table for tag: 1 with group count: 365 into file: file:/tmp/ubuntu/f83f9090-bd2f-429f-a334-50954585282b/hive_2016-09-23_00-34-11_872_5650403045184367942-1/-local-10014/HashTable-Stage-18/MapJoin-mapfile11--.hashtable
2016-09-23 00:39:30	Uploaded 1 File to: file:/tmp/ubuntu/f83f9090-bd2f-429f-a334-50954585282b/hive_2016-09-23_00-34-11_872_5650403045184367942-1/-local-10014/HashTable-Stage-18/MapJoin-mapfile11--.hashtable (7963 bytes)
2016-09-23 00:39:30	End of local task; Time Taken: 1.463 sec.
Execution completed successfully
MapredLocal task succeeded
Launching Job 7 out of 16
Number of reduce tasks is set to 0 since there's no reduce operator
Starting Job = job_1474574455816_0045, Tracking URL = http://vm4:8088/proxy/application_1474574455816_0045/
Kill Command = /home/ubuntu/software/hadoop-2.6.0/bin/hadoop job  -kill job_1474574455816_0045
Hadoop job information for Stage-18: number of mappers: 2; number of reducers: 0
2016-09-23 00:39:37,763 Stage-18 map = 0%,  reduce = 0%
2016-09-23 00:39:51,218 Stage-18 map = 64%,  reduce = 0%, Cumulative CPU 21.18 sec
2016-09-23 00:39:52,261 Stage-18 map = 100%,  reduce = 0%, Cumulative CPU 23.42 sec
MapReduce Total cumulative CPU time: 23 seconds 420 msec
Ended Job = job_1474574455816_0045
Execution log at: /tmp/ubuntu/ubuntu_20160923003411_4fc49568-8c9b-4bc7-b191-451e1ef1cd0d.log
2016-09-23 00:39:57	Starting to launch local task to process map join;	maximum memory = 932184064
2016-09-23 00:39:58	Dump the side-table for tag: 1 with group count: 39 into file: file:/tmp/ubuntu/f83f9090-bd2f-429f-a334-50954585282b/hive_2016-09-23_00-34-11_872_5650403045184367942-1/-local-10012/HashTable-Stage-8/MapJoin-mapfile01--.hashtable
2016-09-23 00:39:58	Uploaded 1 File to: file:/tmp/ubuntu/f83f9090-bd2f-429f-a334-50954585282b/hive_2016-09-23_00-34-11_872_5650403045184367942-1/-local-10012/HashTable-Stage-8/MapJoin-mapfile01--.hashtable (1662 bytes)
2016-09-23 00:39:58	End of local task; Time Taken: 1.11 sec.
Execution completed successfully
MapredLocal task succeeded
Launching Job 8 out of 16
Number of reduce tasks not specified. Estimated from input data size: 1
In order to change the average load for a reducer (in bytes):
  set hive.exec.reducers.bytes.per.reducer=<number>
In order to limit the maximum number of reducers:
  set hive.exec.reducers.max=<number>
In order to set a constant number of reducers:
  set mapreduce.job.reduces=<number>
Starting Job = job_1474574455816_0046, Tracking URL = http://vm4:8088/proxy/application_1474574455816_0046/
Kill Command = /home/ubuntu/software/hadoop-2.6.0/bin/hadoop job  -kill job_1474574455816_0046
Hadoop job information for Stage-8: number of mappers: 1; number of reducers: 1
2016-09-23 00:40:04,369 Stage-8 map = 0%,  reduce = 0%
2016-09-23 00:40:15,683 Stage-8 map = 33%,  reduce = 0%, Cumulative CPU 7.33 sec
2016-09-23 00:40:17,743 Stage-8 map = 100%,  reduce = 0%, Cumulative CPU 9.28 sec
2016-09-23 00:40:23,915 Stage-8 map = 100%,  reduce = 100%, Cumulative CPU 11.08 sec
MapReduce Total cumulative CPU time: 11 seconds 80 msec
Ended Job = job_1474574455816_0046
Launching Job 9 out of 16
Number of reduce tasks determined at compile time: 1
In order to change the average load for a reducer (in bytes):
  set hive.exec.reducers.bytes.per.reducer=<number>
In order to limit the maximum number of reducers:
  set hive.exec.reducers.max=<number>
In order to set a constant number of reducers:
  set mapreduce.job.reduces=<number>
Starting Job = job_1474574455816_0047, Tracking URL = http://vm4:8088/proxy/application_1474574455816_0047/
Kill Command = /home/ubuntu/software/hadoop-2.6.0/bin/hadoop job  -kill job_1474574455816_0047
Hadoop job information for Stage-9: number of mappers: 1; number of reducers: 1
2016-09-23 00:40:30,407 Stage-9 map = 0%,  reduce = 0%
2016-09-23 00:40:35,558 Stage-9 map = 100%,  reduce = 0%, Cumulative CPU 1.1 sec
2016-09-23 00:40:41,754 Stage-9 map = 100%,  reduce = 100%, Cumulative CPU 2.32 sec
MapReduce Total cumulative CPU time: 2 seconds 320 msec
Ended Job = job_1474574455816_0047
MapReduce Jobs Launched: 
Stage-Stage-1: Map: 29  Reduce: 32   Cumulative CPU: 558.48 sec   HDFS Read: 8124251054 HDFS Write: 226967742 SUCCESS
Stage-Stage-30: Map: 3   Cumulative CPU: 32.02 sec   HDFS Read: 226998247 HDFS Write: 235481415 SUCCESS
Stage-Stage-3: Map: 4  Reduce: 2   Cumulative CPU: 80.64 sec   HDFS Read: 316186288 HDFS Write: 293830042 SUCCESS
Stage-Stage-4: Map: 5  Reduce: 2   Cumulative CPU: 91.7 sec   HDFS Read: 374552540 HDFS Write: 348836392 SUCCESS
Stage-Stage-5: Map: 3  Reduce: 2   Cumulative CPU: 86.86 sec   HDFS Read: 391386054 HDFS Write: 419920033 SUCCESS
Stage-Stage-18: Map: 2   Cumulative CPU: 23.42 sec   HDFS Read: 419943381 HDFS Write: 85556567 SUCCESS
Stage-Stage-8: Map: 1  Reduce: 1   Cumulative CPU: 11.08 sec   HDFS Read: 85590179 HDFS Write: 1858 SUCCESS
Stage-Stage-9: Map: 1  Reduce: 1   Cumulative CPU: 2.32 sec   HDFS Read: 7071 HDFS Write: 1783 SUCCESS
Total MapReduce CPU Time Spent: 14 minutes 46 seconds 520 msec
OK
Time taken: 391.045 seconds, Fetched: 32 row(s)
