
Logging initialized using configuration in jar:file:/home/ubuntu/software/hive-1.2.1/lib/hive-common-1.2.1.jar!/hive-log4j.properties
Hive history file=/tmp/ubuntu/hive_job_log_ffe24013-093d-4260-a153-2f8b7610e92f_2031302265.txt
OK
Time taken: 0.903 seconds
Query ID = ubuntu_20160922225947_91b02770-fd20-4123-9745-469121412c66
Total jobs = 9
Execution log at: /tmp/ubuntu/ubuntu_20160922225947_91b02770-fd20-4123-9745-469121412c66.log
2016-09-22 22:59:52	Starting to launch local task to process map join;	maximum memory = 932184064
2016-09-22 22:59:53	Dump the side-table for tag: 1 with group count: 7 into file: file:/tmp/ubuntu/ffe24013-093d-4260-a153-2f8b7610e92f/hive_2016-09-22_22-59-47_283_5187748352934985193-1/-local-10016/HashTable-Stage-15/MapJoin-mapfile41--.hashtable
2016-09-22 22:59:53	Uploaded 1 File to: file:/tmp/ubuntu/ffe24013-093d-4260-a153-2f8b7610e92f/hive_2016-09-22_22-59-47_283_5187748352934985193-1/-local-10016/HashTable-Stage-15/MapJoin-mapfile41--.hashtable (504 bytes)
2016-09-22 22:59:53	End of local task; Time Taken: 1.114 sec.
Execution completed successfully
MapredLocal task succeeded
Launching Job 1 out of 9
Number of reduce tasks is set to 0 since there's no reduce operator
Starting Job = job_1474574455816_0023, Tracking URL = http://vm4:8088/proxy/application_1474574455816_0023/
Kill Command = /home/ubuntu/software/hadoop-2.6.0/bin/hadoop job  -kill job_1474574455816_0023
Hadoop job information for Stage-15: number of mappers: 5; number of reducers: 0
2016-09-22 23:00:00,914 Stage-15 map = 0%,  reduce = 0%
2016-09-22 23:00:11,289 Stage-15 map = 2%,  reduce = 0%, Cumulative CPU 14.5 sec
2016-09-22 23:00:14,401 Stage-15 map = 4%,  reduce = 0%, Cumulative CPU 41.48 sec
2016-09-22 23:00:15,440 Stage-15 map = 6%,  reduce = 0%, Cumulative CPU 44.52 sec
2016-09-22 23:00:16,477 Stage-15 map = 12%,  reduce = 0%, Cumulative CPU 54.21 sec
2016-09-22 23:00:17,515 Stage-15 map = 14%,  reduce = 0%, Cumulative CPU 57.42 sec
2016-09-22 23:00:18,555 Stage-15 map = 16%,  reduce = 0%, Cumulative CPU 63.65 sec
2016-09-22 23:00:19,614 Stage-15 map = 21%,  reduce = 0%, Cumulative CPU 69.98 sec
2016-09-22 23:00:21,680 Stage-15 map = 23%,  reduce = 0%, Cumulative CPU 82.65 sec
2016-09-22 23:00:23,750 Stage-15 map = 24%,  reduce = 0%, Cumulative CPU 89.06 sec
2016-09-22 23:00:24,788 Stage-15 map = 31%,  reduce = 0%, Cumulative CPU 98.66 sec
2016-09-22 23:00:25,828 Stage-15 map = 35%,  reduce = 0%, Cumulative CPU 104.87 sec
2016-09-22 23:00:27,902 Stage-15 map = 37%,  reduce = 0%, Cumulative CPU 113.95 sec
2016-09-22 23:00:28,943 Stage-15 map = 40%,  reduce = 0%, Cumulative CPU 119.94 sec
2016-09-22 23:00:31,011 Stage-15 map = 45%,  reduce = 0%, Cumulative CPU 129.27 sec
2016-09-22 23:00:34,108 Stage-15 map = 52%,  reduce = 0%, Cumulative CPU 144.66 sec
2016-09-22 23:00:35,145 Stage-15 map = 55%,  reduce = 0%, Cumulative CPU 150.94 sec
2016-09-22 23:00:37,210 Stage-15 map = 57%,  reduce = 0%, Cumulative CPU 160.42 sec
2016-09-22 23:00:38,245 Stage-15 map = 61%,  reduce = 0%, Cumulative CPU 166.68 sec
2016-09-22 23:00:40,324 Stage-15 map = 66%,  reduce = 0%, Cumulative CPU 176.03 sec
2016-09-22 23:00:41,362 Stage-15 map = 71%,  reduce = 0%, Cumulative CPU 183.6 sec
2016-09-22 23:00:43,435 Stage-15 map = 74%,  reduce = 0%, Cumulative CPU 189.82 sec
2016-09-22 23:00:44,469 Stage-15 map = 76%,  reduce = 0%, Cumulative CPU 196.07 sec
2016-09-22 23:00:45,506 Stage-15 map = 78%,  reduce = 0%, Cumulative CPU 199.27 sec
2016-09-22 23:00:46,544 Stage-15 map = 80%,  reduce = 0%, Cumulative CPU 202.42 sec
2016-09-22 23:00:47,578 Stage-15 map = 83%,  reduce = 0%, Cumulative CPU 207.92 sec
2016-09-22 23:00:48,612 Stage-15 map = 85%,  reduce = 0%, Cumulative CPU 211.04 sec
2016-09-22 23:00:50,679 Stage-15 map = 89%,  reduce = 0%, Cumulative CPU 220.4 sec
2016-09-22 23:00:52,743 Stage-15 map = 91%,  reduce = 0%, Cumulative CPU 226.7 sec
2016-09-22 23:00:53,778 Stage-15 map = 93%,  reduce = 0%, Cumulative CPU 230.41 sec
2016-09-22 23:00:54,815 Stage-15 map = 95%,  reduce = 0%, Cumulative CPU 233.51 sec
2016-09-22 23:00:55,853 Stage-15 map = 96%,  reduce = 0%, Cumulative CPU 236.67 sec
2016-09-22 23:00:57,924 Stage-15 map = 98%,  reduce = 0%, Cumulative CPU 238.48 sec
2016-09-22 23:00:58,990 Stage-15 map = 100%,  reduce = 0%, Cumulative CPU 241.34 sec
MapReduce Total cumulative CPU time: 4 minutes 1 seconds 340 msec
Ended Job = job_1474574455816_0023
Stage-18 is selected by condition resolver.
Stage-19 is filtered out by condition resolver.
Stage-2 is filtered out by condition resolver.
Execution log at: /tmp/ubuntu/ubuntu_20160922225947_91b02770-fd20-4123-9745-469121412c66.log
2016-09-22 23:01:04	Starting to launch local task to process map join;	maximum memory = 932184064
2016-09-22 23:01:05	Dump the side-table for tag: 1 with group count: 3863 into file: file:/tmp/ubuntu/ffe24013-093d-4260-a153-2f8b7610e92f/hive_2016-09-22_22-59-47_283_5187748352934985193-1/-local-10012/HashTable-Stage-12/MapJoin-mapfile21--.hashtable
2016-09-22 23:01:05	Uploaded 1 File to: file:/tmp/ubuntu/ffe24013-093d-4260-a153-2f8b7610e92f/hive_2016-09-22_22-59-47_283_5187748352934985193-1/-local-10012/HashTable-Stage-12/MapJoin-mapfile21--.hashtable (163270 bytes)
2016-09-22 23:01:05	End of local task; Time Taken: 1.714 sec.
Execution completed successfully
MapredLocal task succeeded
Launching Job 3 out of 9
Number of reduce tasks is set to 0 since there's no reduce operator
Starting Job = job_1474574455816_0024, Tracking URL = http://vm4:8088/proxy/application_1474574455816_0024/
Kill Command = /home/ubuntu/software/hadoop-2.6.0/bin/hadoop job  -kill job_1474574455816_0024
Hadoop job information for Stage-12: number of mappers: 10; number of reducers: 0
2016-09-22 23:01:12,847 Stage-12 map = 0%,  reduce = 0%
2016-09-22 23:01:25,219 Stage-12 map = 12%,  reduce = 0%, Cumulative CPU 59.02 sec
2016-09-22 23:01:28,322 Stage-12 map = 17%,  reduce = 0%, Cumulative CPU 83.22 sec
2016-09-22 23:01:31,418 Stage-12 map = 47%,  reduce = 0%, Cumulative CPU 109.15 sec
2016-09-22 23:01:33,503 Stage-12 map = 52%,  reduce = 0%, Cumulative CPU 112.46 sec
2016-09-22 23:01:34,538 Stage-12 map = 62%,  reduce = 0%, Cumulative CPU 137.25 sec
2016-09-22 23:01:35,571 Stage-12 map = 81%,  reduce = 0%, Cumulative CPU 142.75 sec
2016-09-22 23:01:36,603 Stage-12 map = 91%,  reduce = 0%, Cumulative CPU 146.86 sec
2016-09-22 23:01:37,635 Stage-12 map = 95%,  reduce = 0%, Cumulative CPU 149.92 sec
2016-09-22 23:01:42,798 Stage-12 map = 100%,  reduce = 0%, Cumulative CPU 155.31 sec
MapReduce Total cumulative CPU time: 2 minutes 35 seconds 310 msec
Ended Job = job_1474574455816_0024
Stage-16 is selected by condition resolver.
Stage-17 is filtered out by condition resolver.
Stage-3 is filtered out by condition resolver.
Execution log at: /tmp/ubuntu/ubuntu_20160922225947_91b02770-fd20-4123-9745-469121412c66.log
2016-09-22 23:01:46	Starting to launch local task to process map join;	maximum memory = 932184064
2016-09-22 23:01:48	Dump the side-table for tag: 1 with group count: 60 into file: file:/tmp/ubuntu/ffe24013-093d-4260-a153-2f8b7610e92f/hive_2016-09-22_22-59-47_283_5187748352934985193-1/-local-10008/HashTable-Stage-9/MapJoin-mapfile01--.hashtable
2016-09-22 23:01:48	Uploaded 1 File to: file:/tmp/ubuntu/ffe24013-093d-4260-a153-2f8b7610e92f/hive_2016-09-22_22-59-47_283_5187748352934985193-1/-local-10008/HashTable-Stage-9/MapJoin-mapfile01--.hashtable (2248 bytes)
2016-09-22 23:01:48	End of local task; Time Taken: 1.509 sec.
Execution completed successfully
MapredLocal task succeeded
Launching Job 5 out of 9
Number of reduce tasks is set to 0 since there's no reduce operator
Starting Job = job_1474574455816_0025, Tracking URL = http://vm4:8088/proxy/application_1474574455816_0025/
Kill Command = /home/ubuntu/software/hadoop-2.6.0/bin/hadoop job  -kill job_1474574455816_0025
Hadoop job information for Stage-9: number of mappers: 3; number of reducers: 0
2016-09-22 23:01:58,889 Stage-9 map = 0%,  reduce = 0%
2016-09-22 23:02:08,194 Stage-9 map = 33%,  reduce = 0%, Cumulative CPU 4.15 sec
2016-09-22 23:02:10,266 Stage-9 map = 84%,  reduce = 0%, Cumulative CPU 17.7 sec
2016-09-22 23:02:11,306 Stage-9 map = 100%,  reduce = 0%, Cumulative CPU 19.16 sec
MapReduce Total cumulative CPU time: 19 seconds 160 msec
Ended Job = job_1474574455816_0025
Launching Job 6 out of 9
Number of reduce tasks not specified. Estimated from input data size: 1
In order to change the average load for a reducer (in bytes):
  set hive.exec.reducers.bytes.per.reducer=<number>
In order to limit the maximum number of reducers:
  set hive.exec.reducers.max=<number>
In order to set a constant number of reducers:
  set mapreduce.job.reduces=<number>
Starting Job = job_1474574455816_0026, Tracking URL = http://vm4:8088/proxy/application_1474574455816_0026/
Kill Command = /home/ubuntu/software/hadoop-2.6.0/bin/hadoop job  -kill job_1474574455816_0026
Hadoop job information for Stage-4: number of mappers: 1; number of reducers: 1
2016-09-22 23:02:19,720 Stage-4 map = 0%,  reduce = 0%
2016-09-22 23:02:24,978 Stage-4 map = 100%,  reduce = 0%, Cumulative CPU 2.53 sec
2016-09-22 23:02:32,209 Stage-4 map = 100%,  reduce = 100%, Cumulative CPU 5.77 sec
MapReduce Total cumulative CPU time: 5 seconds 770 msec
Ended Job = job_1474574455816_0026
Launching Job 7 out of 9
Number of reduce tasks determined at compile time: 1
In order to change the average load for a reducer (in bytes):
  set hive.exec.reducers.bytes.per.reducer=<number>
In order to limit the maximum number of reducers:
  set hive.exec.reducers.max=<number>
In order to set a constant number of reducers:
  set mapreduce.job.reduces=<number>
Starting Job = job_1474574455816_0027, Tracking URL = http://vm4:8088/proxy/application_1474574455816_0027/
Kill Command = /home/ubuntu/software/hadoop-2.6.0/bin/hadoop job  -kill job_1474574455816_0027
Hadoop job information for Stage-5: number of mappers: 1; number of reducers: 1
2016-09-22 23:02:39,814 Stage-5 map = 0%,  reduce = 0%
2016-09-22 23:02:45,001 Stage-5 map = 100%,  reduce = 0%, Cumulative CPU 2.13 sec
2016-09-22 23:02:51,189 Stage-5 map = 100%,  reduce = 100%, Cumulative CPU 3.71 sec
MapReduce Total cumulative CPU time: 3 seconds 710 msec
Ended Job = job_1474574455816_0027
MapReduce Jobs Launched: 
Stage-Stage-15: Map: 5   Cumulative CPU: 241.34 sec   HDFS Read: 1164950191 HDFS Write: 2535951879 SUCCESS
Stage-Stage-12: Map: 10   Cumulative CPU: 155.31 sec   HDFS Read: 2536063925 HDFS Write: 246864644 SUCCESS
Stage-Stage-9: Map: 3   Cumulative CPU: 19.16 sec   HDFS Read: 246905428 HDFS Write: 737861 SUCCESS
Stage-Stage-4: Map: 1  Reduce: 1   Cumulative CPU: 5.77 sec   HDFS Read: 746035 HDFS Write: 432344 SUCCESS
Stage-Stage-5: Map: 1  Reduce: 1   Cumulative CPU: 3.71 sec   HDFS Read: 438339 HDFS Write: 2799 SUCCESS
Total MapReduce CPU Time Spent: 7 minutes 5 seconds 290 msec
OK
Time taken: 186.071 seconds, Fetched: 100 row(s)
